Arguments: 
  /home/wilder/.nvm/versions/node/v16.14.2/bin/node /home/wilder/.yarn/bin/yarn.js add react-rooter-dom

PATH: 
  /home/wilder/.yarn/bin:/home/wilder/.config/yarn/global/node_modules/.bin:/home/wilder/.yarn/bin:/home/wilder/.config/yarn/global/node_modules/.bin:/home/wilder/.nvm/versions/node/v16.14.2/bin:/usr/local/sbin:/usr/local/bin:/usr/sbin:/usr/bin:/sbin:/bin:/usr/games:/usr/local/games:/snap/bin

Yarn version: 
  1.22.18

Node version: 
  16.14.2

Platform: 
  linux x64

Trace: 
  Error: https://registry.yarnpkg.com/react-rooter-dom: Not found
      at Request.params.callback [as _callback] (/home/wilder/.yarn/lib/cli.js:66138:18)
      at Request.self.callback (/home/wilder/.yarn/lib/cli.js:140883:22)
      at Request.emit (node:events:526:28)
      at Request.<anonymous> (/home/wilder/.yarn/lib/cli.js:141855:10)
      at Request.emit (node:events:526:28)
      at IncomingMessage.<anonymous> (/home/wilder/.yarn/lib/cli.js:141777:12)
      at Object.onceWrapper (node:events:645:28)
      at IncomingMessage.emit (node:events:538:35)
      at endReadableNT (node:internal/streams/readable:1345:12)
      at processTicksAndRejections (node:internal/process/task_queues:83:21)

npm manifest: 
  {
    "name": "template-fullstack",
    "version": "1.0.0",
    "description": "",
    "main": "index.js",
    "scripts": {
      "setup": "npm i && husky install && npm --prefix ./frontend i && npm --prefix ./backend i",
      "dev": "concurrently -n front,back -c green,yellow -t \"HH:mm:ss\" -p \"{name} {time}\" \"npm --prefix ./frontend run dev\" \"npm --prefix ./backend run dev\"",
      "dev-front": "npm --prefix ./frontend run dev",
      "dev-back": "npm --prefix ./backend run dev",
      "lint": "npm --prefix ./frontend run lint && npm --prefix ./backend run lint",
      "fix": "npm --prefix ./frontend run fix && npm --prefix ./backend run fix"
    },
    "keywords": [],
    "author": "Wild Code School",
    "license": "ISC",
    "devDependencies": {
      "concurrently": "^7.0.0",
      "husky": "^7.0.0"
    }
  }

yarn manifest: 
  No manifest

Lockfile: 
  No lockfile
